{"/home/pedro/Documents/TP-Testes/backend/adapters/billRepository.js": {"path":"/home/pedro/Documents/TP-Testes/backend/adapters/billRepository.js","statementMap":{"0":{"start":{"line":1,"column":17},"end":{"line":1,"column":47}},"1":{"start":{"line":2,"column":13},"end":{"line":2,"column":48}},"2":{"start":{"line":5,"column":19},"end":{"line":5,"column":21}},"3":{"start":{"line":7,"column":4},"end":{"line":19,"column":5}},"4":{"start":{"line":7,"column":17},"end":{"line":7,"column":18}},"5":{"start":{"line":8,"column":8},"end":{"line":18,"column":44}},"6":{"start":{"line":20,"column":4},"end":{"line":20,"column":22}},"7":{"start":{"line":23,"column":12},"end":{"line":40,"column":1}},"8":{"start":{"line":25,"column":4},"end":{"line":25,"column":64}},"9":{"start":{"line":26,"column":4},"end":{"line":26,"column":52}},"10":{"start":{"line":28,"column":4},"end":{"line":39,"column":5}},"11":{"start":{"line":29,"column":24},"end":{"line":32,"column":71}},"12":{"start":{"line":34,"column":8},"end":{"line":34,"column":30}},"13":{"start":{"line":37,"column":8},"end":{"line":37,"column":59}},"14":{"start":{"line":38,"column":8},"end":{"line":38,"column":20}},"15":{"start":{"line":42,"column":16},"end":{"line":51,"column":1}},"16":{"start":{"line":43,"column":4},"end":{"line":50,"column":5}},"17":{"start":{"line":44,"column":24},"end":{"line":44,"column":113}},"18":{"start":{"line":45,"column":8},"end":{"line":45,"column":20}},"19":{"start":{"line":48,"column":8},"end":{"line":48,"column":56}},"20":{"start":{"line":49,"column":8},"end":{"line":49,"column":20}},"21":{"start":{"line":53,"column":28},"end":{"line":63,"column":1}},"22":{"start":{"line":54,"column":4},"end":{"line":62,"column":5}},"23":{"start":{"line":55,"column":23},"end":{"line":55,"column":97}},"24":{"start":{"line":56,"column":8},"end":{"line":56,"column":40}},"25":{"start":{"line":57,"column":8},"end":{"line":57,"column":24}},"26":{"start":{"line":60,"column":8},"end":{"line":60,"column":58}},"27":{"start":{"line":61,"column":8},"end":{"line":61,"column":20}},"28":{"start":{"line":65,"column":29},"end":{"line":81,"column":1}},"29":{"start":{"line":67,"column":4},"end":{"line":67,"column":53}},"30":{"start":{"line":68,"column":4},"end":{"line":68,"column":49}},"31":{"start":{"line":69,"column":4},"end":{"line":80,"column":5}},"32":{"start":{"line":70,"column":24},"end":{"line":72,"column":69}},"33":{"start":{"line":74,"column":8},"end":{"line":74,"column":41}},"34":{"start":{"line":75,"column":8},"end":{"line":75,"column":24}},"35":{"start":{"line":78,"column":8},"end":{"line":78,"column":58}},"36":{"start":{"line":79,"column":8},"end":{"line":79,"column":20}},"37":{"start":{"line":83,"column":0},"end":{"line":83,"column":25}},"38":{"start":{"line":84,"column":0},"end":{"line":84,"column":33}},"39":{"start":{"line":85,"column":0},"end":{"line":85,"column":57}},"40":{"start":{"line":86,"column":0},"end":{"line":86,"column":59}}},"fnMap":{"0":{"name":"createBillList","decl":{"start":{"line":4,"column":9},"end":{"line":4,"column":23}},"loc":{"start":{"line":4,"column":31},"end":{"line":21,"column":1}},"line":4},"1":{"name":"(anonymous_1)","decl":{"start":{"line":23,"column":12},"end":{"line":23,"column":13}},"loc":{"start":{"line":23,"column":28},"end":{"line":40,"column":1}},"line":23},"2":{"name":"(anonymous_2)","decl":{"start":{"line":42,"column":16},"end":{"line":42,"column":17}},"loc":{"start":{"line":42,"column":34},"end":{"line":51,"column":1}},"line":42},"3":{"name":"(anonymous_3)","decl":{"start":{"line":53,"column":28},"end":{"line":53,"column":29}},"loc":{"start":{"line":53,"column":46},"end":{"line":63,"column":1}},"line":53},"4":{"name":"(anonymous_4)","decl":{"start":{"line":65,"column":29},"end":{"line":65,"column":30}},"loc":{"start":{"line":65,"column":67},"end":{"line":81,"column":1}},"line":65}},"branchMap":{},"s":{"0":2,"1":2,"2":2,"3":2,"4":2,"5":0,"6":2,"7":2,"8":2,"9":2,"10":2,"11":2,"12":1,"13":1,"14":1,"15":2,"16":2,"17":2,"18":1,"19":1,"20":1,"21":2,"22":2,"23":2,"24":1,"25":1,"26":1,"27":1,"28":2,"29":2,"30":2,"31":2,"32":2,"33":1,"34":1,"35":1,"36":1,"37":2,"38":2,"39":2,"40":2},"f":{"0":2,"1":2,"2":2,"3":2,"4":2},"b":{},"_coverageSchema":"1a1c01bbd47fc00a2c39e90264f33305004495a9","hash":"f36a861b9d7f8b4231939a486163a9e36652a54e"}
,"/home/pedro/Documents/TP-Testes/backend/adapters/config-connection.js": {"path":"/home/pedro/Documents/TP-Testes/backend/adapters/config-connection.js","statementMap":{"0":{"start":{"line":1,"column":0},"end":{"line":1,"column":27}},"1":{"start":{"line":3,"column":12},"end":{"line":3,"column":37}},"2":{"start":{"line":8,"column":13},"end":{"line":8,"column":20}},"3":{"start":{"line":9,"column":17},"end":{"line":9,"column":25}},"4":{"start":{"line":11,"column":17},"end":{"line":16,"column":2}},"5":{"start":{"line":18,"column":0},"end":{"line":18,"column":28}}},"fnMap":{},"branchMap":{},"s":{"0":1,"1":1,"2":1,"3":1,"4":1,"5":1},"f":{},"b":{},"_coverageSchema":"1a1c01bbd47fc00a2c39e90264f33305004495a9","hash":"a393f4544a5c4a1da83bb1aeb82d06230f43199a"}
,"/home/pedro/Documents/TP-Testes/backend/adapters/notificationRepository.js": {"path":"/home/pedro/Documents/TP-Testes/backend/adapters/notificationRepository.js","statementMap":{"0":{"start":{"line":1,"column":17},"end":{"line":1,"column":47}},"1":{"start":{"line":2,"column":29},"end":{"line":2,"column":77}},"2":{"start":{"line":4,"column":12},"end":{"line":16,"column":1}},"3":{"start":{"line":5,"column":4},"end":{"line":15,"column":5}},"4":{"start":{"line":6,"column":24},"end":{"line":9,"column":105}},"5":{"start":{"line":10,"column":12},"end":{"line":10,"column":25}},"6":{"start":{"line":13,"column":8},"end":{"line":13,"column":64}},"7":{"start":{"line":14,"column":8},"end":{"line":14,"column":20}},"8":{"start":{"line":18,"column":0},"end":{"line":18,"column":25}},"9":{"start":{"line":19,"column":0},"end":{"line":19,"column":59}}},"fnMap":{"0":{"name":"(anonymous_0)","decl":{"start":{"line":4,"column":12},"end":{"line":4,"column":13}},"loc":{"start":{"line":4,"column":36},"end":{"line":16,"column":1}},"line":4}},"branchMap":{},"s":{"0":1,"1":1,"2":1,"3":1,"4":1,"5":0,"6":1,"7":1,"8":1,"9":1},"f":{"0":1},"b":{},"_coverageSchema":"1a1c01bbd47fc00a2c39e90264f33305004495a9","hash":"289774a36f2f64b88bdfdb2f36e324d5ce497052"}
,"/home/pedro/Documents/TP-Testes/backend/adapters/userRepository.js": {"path":"/home/pedro/Documents/TP-Testes/backend/adapters/userRepository.js","statementMap":{"0":{"start":{"line":1,"column":17},"end":{"line":1,"column":47}},"1":{"start":{"line":2,"column":13},"end":{"line":2,"column":48}},"2":{"start":{"line":5,"column":19},"end":{"line":5,"column":21}},"3":{"start":{"line":7,"column":4},"end":{"line":12,"column":5}},"4":{"start":{"line":7,"column":17},"end":{"line":7,"column":18}},"5":{"start":{"line":8,"column":8},"end":{"line":11,"column":37}},"6":{"start":{"line":14,"column":4},"end":{"line":14,"column":22}},"7":{"start":{"line":17,"column":13},"end":{"line":27,"column":1}},"8":{"start":{"line":18,"column":4},"end":{"line":26,"column":5}},"9":{"start":{"line":19,"column":24},"end":{"line":19,"column":100}},"10":{"start":{"line":20,"column":8},"end":{"line":20,"column":41}},"11":{"start":{"line":21,"column":8},"end":{"line":21,"column":24}},"12":{"start":{"line":24,"column":8},"end":{"line":24,"column":58}},"13":{"start":{"line":25,"column":8},"end":{"line":25,"column":20}},"14":{"start":{"line":29,"column":12},"end":{"line":39,"column":1}},"15":{"start":{"line":30,"column":4},"end":{"line":38,"column":5}},"16":{"start":{"line":31,"column":24},"end":{"line":32,"column":58}},"17":{"start":{"line":33,"column":8},"end":{"line":33,"column":30}},"18":{"start":{"line":36,"column":8},"end":{"line":36,"column":59}},"19":{"start":{"line":37,"column":8},"end":{"line":37,"column":20}},"20":{"start":{"line":41,"column":0},"end":{"line":41,"column":27}},"21":{"start":{"line":42,"column":0},"end":{"line":42,"column":25}}},"fnMap":{"0":{"name":"createUserList","decl":{"start":{"line":4,"column":9},"end":{"line":4,"column":23}},"loc":{"start":{"line":4,"column":31},"end":{"line":15,"column":1}},"line":4},"1":{"name":"(anonymous_1)","decl":{"start":{"line":17,"column":13},"end":{"line":17,"column":14}},"loc":{"start":{"line":17,"column":30},"end":{"line":27,"column":1}},"line":17},"2":{"name":"(anonymous_2)","decl":{"start":{"line":29,"column":12},"end":{"line":29,"column":13}},"loc":{"start":{"line":29,"column":28},"end":{"line":39,"column":1}},"line":29}},"branchMap":{},"s":{"0":2,"1":2,"2":1,"3":1,"4":1,"5":0,"6":1,"7":2,"8":2,"9":2,"10":1,"11":1,"12":1,"13":1,"14":2,"15":1,"16":1,"17":0,"18":1,"19":1,"20":2,"21":2},"f":{"0":1,"1":2,"2":1},"b":{},"_coverageSchema":"1a1c01bbd47fc00a2c39e90264f33305004495a9","hash":"45ba8c9212b4a3c0e2fee158def588a272b25252"}
,"/home/pedro/Documents/TP-Testes/backend/domain/Bill/Bill.js": {"path":"/home/pedro/Documents/TP-Testes/backend/domain/Bill/Bill.js","statementMap":{"0":{"start":{"line":4,"column":8},"end":{"line":4,"column":29}},"1":{"start":{"line":5,"column":8},"end":{"line":5,"column":29}},"2":{"start":{"line":6,"column":8},"end":{"line":6,"column":29}},"3":{"start":{"line":7,"column":8},"end":{"line":7,"column":27}},"4":{"start":{"line":8,"column":8},"end":{"line":8,"column":25}},"5":{"start":{"line":9,"column":8},"end":{"line":9,"column":29}},"6":{"start":{"line":10,"column":8},"end":{"line":10,"column":29}},"7":{"start":{"line":11,"column":8},"end":{"line":11,"column":33}},"8":{"start":{"line":12,"column":8},"end":{"line":12,"column":41}},"9":{"start":{"line":13,"column":8},"end":{"line":13,"column":29}},"10":{"start":{"line":17,"column":8},"end":{"line":17,"column":21}},"11":{"start":{"line":21,"column":8},"end":{"line":31,"column":35}},"12":{"start":{"line":35,"column":0},"end":{"line":35,"column":27}}},"fnMap":{"0":{"name":"(anonymous_0)","decl":{"start":{"line":3,"column":4},"end":{"line":3,"column":5}},"loc":{"start":{"line":3,"column":103},"end":{"line":14,"column":5}},"line":3},"1":{"name":"(anonymous_1)","decl":{"start":{"line":16,"column":4},"end":{"line":16,"column":5}},"loc":{"start":{"line":16,"column":14},"end":{"line":18,"column":5}},"line":16},"2":{"name":"(anonymous_2)","decl":{"start":{"line":20,"column":4},"end":{"line":20,"column":5}},"loc":{"start":{"line":20,"column":12},"end":{"line":32,"column":5}},"line":20}},"branchMap":{},"s":{"0":28,"1":28,"2":28,"3":28,"4":28,"5":28,"6":28,"7":28,"8":28,"9":28,"10":0,"11":5,"12":3},"f":{"0":28,"1":0,"2":5},"b":{},"_coverageSchema":"1a1c01bbd47fc00a2c39e90264f33305004495a9","hash":"2a731bd1be1ed73ff4e4f9c75d08143ff8acb5db"}
,"/home/pedro/Documents/TP-Testes/backend/domain/Bill/billDomain.js": {"path":"/home/pedro/Documents/TP-Testes/backend/domain/Bill/billDomain.js","statementMap":{"0":{"start":{"line":3,"column":11},"end":{"line":3,"column":36}},"1":{"start":{"line":5,"column":17},"end":{"line":5,"column":21}},"2":{"start":{"line":8,"column":4},"end":{"line":8,"column":22}},"3":{"start":{"line":11,"column":4},"end":{"line":11,"column":39}},"4":{"start":{"line":15,"column":4},"end":{"line":15,"column":38}},"5":{"start":{"line":24,"column":4},"end":{"line":27,"column":5}},"6":{"start":{"line":26,"column":8},"end":{"line":26,"column":37}},"7":{"start":{"line":30,"column":19},"end":{"line":30,"column":21}},"8":{"start":{"line":32,"column":4},"end":{"line":39,"column":5}},"9":{"start":{"line":32,"column":17},"end":{"line":32,"column":18}},"10":{"start":{"line":33,"column":22},"end":{"line":33,"column":34}},"11":{"start":{"line":35,"column":8},"end":{"line":35,"column":38}},"12":{"start":{"line":36,"column":8},"end":{"line":36,"column":42}},"13":{"start":{"line":38,"column":8},"end":{"line":38,"column":31}},"14":{"start":{"line":40,"column":4},"end":{"line":40,"column":20}},"15":{"start":{"line":44,"column":19},"end":{"line":44,"column":21}},"16":{"start":{"line":46,"column":4},"end":{"line":50,"column":5}},"17":{"start":{"line":46,"column":17},"end":{"line":46,"column":18}},"18":{"start":{"line":47,"column":22},"end":{"line":47,"column":34}},"19":{"start":{"line":48,"column":8},"end":{"line":48,"column":38}},"20":{"start":{"line":49,"column":8},"end":{"line":49,"column":31}},"21":{"start":{"line":52,"column":4},"end":{"line":52,"column":20}},"22":{"start":{"line":57,"column":4},"end":{"line":57,"column":104}},"23":{"start":{"line":58,"column":4},"end":{"line":58,"column":25}},"24":{"start":{"line":62,"column":4},"end":{"line":85,"column":7}},"25":{"start":{"line":63,"column":8},"end":{"line":71,"column":9}},"26":{"start":{"line":64,"column":12},"end":{"line":64,"column":42}},"27":{"start":{"line":66,"column":15},"end":{"line":71,"column":9}},"28":{"start":{"line":67,"column":12},"end":{"line":67,"column":43}},"29":{"start":{"line":70,"column":12},"end":{"line":70,"column":33}},"30":{"start":{"line":73,"column":8},"end":{"line":83,"column":9}},"31":{"start":{"line":73,"column":21},"end":{"line":73,"column":22}},"32":{"start":{"line":75,"column":12},"end":{"line":81,"column":15}},"33":{"start":{"line":76,"column":16},"end":{"line":76,"column":38}},"34":{"start":{"line":77,"column":16},"end":{"line":77,"column":70}},"35":{"start":{"line":79,"column":16},"end":{"line":79,"column":61}},"36":{"start":{"line":80,"column":16},"end":{"line":80,"column":101}},"37":{"start":{"line":89,"column":4},"end":{"line":96,"column":7}},"38":{"start":{"line":90,"column":8},"end":{"line":95,"column":11}},"39":{"start":{"line":91,"column":12},"end":{"line":91,"column":63}},"40":{"start":{"line":93,"column":12},"end":{"line":93,"column":54}},"41":{"start":{"line":94,"column":12},"end":{"line":94,"column":94}},"42":{"start":{"line":100,"column":4},"end":{"line":107,"column":7}},"43":{"start":{"line":101,"column":8},"end":{"line":106,"column":11}},"44":{"start":{"line":102,"column":12},"end":{"line":102,"column":27}},"45":{"start":{"line":104,"column":12},"end":{"line":104,"column":57}},"46":{"start":{"line":105,"column":12},"end":{"line":105,"column":95}},"47":{"start":{"line":111,"column":4},"end":{"line":118,"column":7}},"48":{"start":{"line":112,"column":8},"end":{"line":117,"column":11}},"49":{"start":{"line":113,"column":12},"end":{"line":113,"column":30}},"50":{"start":{"line":115,"column":12},"end":{"line":115,"column":57}},"51":{"start":{"line":116,"column":12},"end":{"line":116,"column":95}},"52":{"start":{"line":122,"column":4},"end":{"line":137,"column":7}},"53":{"start":{"line":123,"column":8},"end":{"line":136,"column":15}},"54":{"start":{"line":126,"column":37},"end":{"line":126,"column":79}},"55":{"start":{"line":126,"column":60},"end":{"line":126,"column":78}},"56":{"start":{"line":129,"column":28},"end":{"line":129,"column":87}},"57":{"start":{"line":129,"column":65},"end":{"line":129,"column":83}},"58":{"start":{"line":131,"column":16},"end":{"line":131,"column":29}},"59":{"start":{"line":134,"column":16},"end":{"line":134,"column":83}},"60":{"start":{"line":135,"column":16},"end":{"line":135,"column":108}},"61":{"start":{"line":141,"column":4},"end":{"line":156,"column":7}},"62":{"start":{"line":142,"column":8},"end":{"line":155,"column":15}},"63":{"start":{"line":145,"column":37},"end":{"line":145,"column":79}},"64":{"start":{"line":145,"column":60},"end":{"line":145,"column":78}},"65":{"start":{"line":148,"column":28},"end":{"line":148,"column":87}},"66":{"start":{"line":148,"column":65},"end":{"line":148,"column":83}},"67":{"start":{"line":150,"column":16},"end":{"line":150,"column":29}},"68":{"start":{"line":153,"column":16},"end":{"line":153,"column":83}},"69":{"start":{"line":154,"column":16},"end":{"line":154,"column":108}},"70":{"start":{"line":160,"column":4},"end":{"line":175,"column":7}},"71":{"start":{"line":161,"column":8},"end":{"line":174,"column":15}},"72":{"start":{"line":164,"column":37},"end":{"line":164,"column":99}},"73":{"start":{"line":164,"column":60},"end":{"line":164,"column":98}},"74":{"start":{"line":167,"column":28},"end":{"line":167,"column":87}},"75":{"start":{"line":167,"column":65},"end":{"line":167,"column":83}},"76":{"start":{"line":169,"column":16},"end":{"line":169,"column":29}},"77":{"start":{"line":172,"column":16},"end":{"line":172,"column":83}},"78":{"start":{"line":173,"column":16},"end":{"line":173,"column":108}},"79":{"start":{"line":179,"column":4},"end":{"line":194,"column":7}},"80":{"start":{"line":180,"column":8},"end":{"line":193,"column":15}},"81":{"start":{"line":183,"column":37},"end":{"line":183,"column":99}},"82":{"start":{"line":183,"column":60},"end":{"line":183,"column":98}},"83":{"start":{"line":186,"column":28},"end":{"line":186,"column":87}},"84":{"start":{"line":186,"column":65},"end":{"line":186,"column":83}},"85":{"start":{"line":188,"column":16},"end":{"line":188,"column":29}},"86":{"start":{"line":191,"column":16},"end":{"line":191,"column":83}},"87":{"start":{"line":192,"column":16},"end":{"line":192,"column":108}},"88":{"start":{"line":197,"column":0},"end":{"line":197,"column":39}},"89":{"start":{"line":198,"column":0},"end":{"line":198,"column":43}},"90":{"start":{"line":199,"column":0},"end":{"line":199,"column":33}},"91":{"start":{"line":200,"column":0},"end":{"line":200,"column":41}},"92":{"start":{"line":201,"column":0},"end":{"line":201,"column":59}},"93":{"start":{"line":202,"column":0},"end":{"line":202,"column":55}},"94":{"start":{"line":203,"column":0},"end":{"line":203,"column":59}},"95":{"start":{"line":204,"column":0},"end":{"line":204,"column":77}},"96":{"start":{"line":205,"column":0},"end":{"line":205,"column":73}}},"fnMap":{"0":{"name":"configRepo","decl":{"start":{"line":7,"column":9},"end":{"line":7,"column":19}},"loc":{"start":{"line":7,"column":26},"end":{"line":9,"column":1}},"line":7},"1":{"name":"getNewDate","decl":{"start":{"line":10,"column":9},"end":{"line":10,"column":19}},"loc":{"start":{"line":10,"column":29},"end":{"line":12,"column":1}},"line":10},"2":{"name":"getNewValue","decl":{"start":{"line":14,"column":9},"end":{"line":14,"column":20}},"loc":{"start":{"line":14,"column":27},"end":{"line":16,"column":1}},"line":14},"3":{"name":"verifyValue","decl":{"start":{"line":23,"column":9},"end":{"line":23,"column":20}},"loc":{"start":{"line":23,"column":27},"end":{"line":28,"column":1}},"line":23},"4":{"name":"splitBill","decl":{"start":{"line":29,"column":9},"end":{"line":29,"column":18}},"loc":{"start":{"line":29,"column":25},"end":{"line":41,"column":1}},"line":29},"5":{"name":"repeatBill","decl":{"start":{"line":43,"column":9},"end":{"line":43,"column":19}},"loc":{"start":{"line":43,"column":26},"end":{"line":53,"column":1}},"line":43},"6":{"name":"registerBill","decl":{"start":{"line":55,"column":9},"end":{"line":55,"column":21}},"loc":{"start":{"line":55,"column":101},"end":{"line":86,"column":1}},"line":55},"7":{"name":"(anonymous_7)","decl":{"start":{"line":62,"column":23},"end":{"line":62,"column":24}},"loc":{"start":{"line":62,"column":44},"end":{"line":85,"column":5}},"line":62},"8":{"name":"(anonymous_8)","decl":{"start":{"line":75,"column":45},"end":{"line":75,"column":46}},"loc":{"start":{"line":75,"column":57},"end":{"line":78,"column":13}},"line":75},"9":{"name":"(anonymous_9)","decl":{"start":{"line":78,"column":21},"end":{"line":78,"column":22}},"loc":{"start":{"line":78,"column":30},"end":{"line":81,"column":13}},"line":78},"10":{"name":"payBill","decl":{"start":{"line":88,"column":9},"end":{"line":88,"column":16}},"loc":{"start":{"line":88,"column":25},"end":{"line":97,"column":1}},"line":88},"11":{"name":"(anonymous_11)","decl":{"start":{"line":89,"column":23},"end":{"line":89,"column":24}},"loc":{"start":{"line":89,"column":44},"end":{"line":96,"column":5}},"line":89},"12":{"name":"(anonymous_12)","decl":{"start":{"line":90,"column":40},"end":{"line":90,"column":41}},"loc":{"start":{"line":90,"column":52},"end":{"line":92,"column":9}},"line":90},"13":{"name":"(anonymous_13)","decl":{"start":{"line":92,"column":17},"end":{"line":92,"column":18}},"loc":{"start":{"line":92,"column":26},"end":{"line":95,"column":9}},"line":92},"14":{"name":"getAllBills","decl":{"start":{"line":99,"column":9},"end":{"line":99,"column":20}},"loc":{"start":{"line":99,"column":29},"end":{"line":108,"column":1}},"line":99},"15":{"name":"(anonymous_15)","decl":{"start":{"line":100,"column":23},"end":{"line":100,"column":24}},"loc":{"start":{"line":100,"column":44},"end":{"line":107,"column":5}},"line":100},"16":{"name":"(anonymous_16)","decl":{"start":{"line":101,"column":52},"end":{"line":101,"column":53}},"loc":{"start":{"line":101,"column":63},"end":{"line":103,"column":9}},"line":101},"17":{"name":"(anonymous_17)","decl":{"start":{"line":103,"column":17},"end":{"line":103,"column":18}},"loc":{"start":{"line":103,"column":26},"end":{"line":106,"column":9}},"line":103},"18":{"name":"getBillsWithinPeriod","decl":{"start":{"line":110,"column":9},"end":{"line":110,"column":29}},"loc":{"start":{"line":110,"column":58},"end":{"line":119,"column":1}},"line":110},"19":{"name":"(anonymous_19)","decl":{"start":{"line":111,"column":23},"end":{"line":111,"column":24}},"loc":{"start":{"line":111,"column":44},"end":{"line":118,"column":5}},"line":111},"20":{"name":"(anonymous_20)","decl":{"start":{"line":112,"column":73},"end":{"line":112,"column":74}},"loc":{"start":{"line":112,"column":87},"end":{"line":114,"column":9}},"line":112},"21":{"name":"(anonymous_21)","decl":{"start":{"line":114,"column":17},"end":{"line":114,"column":18}},"loc":{"start":{"line":114,"column":26},"end":{"line":117,"column":9}},"line":114},"22":{"name":"getParcialBalanceAll","decl":{"start":{"line":121,"column":9},"end":{"line":121,"column":29}},"loc":{"start":{"line":121,"column":44},"end":{"line":138,"column":1}},"line":121},"23":{"name":"(anonymous_23)","decl":{"start":{"line":122,"column":23},"end":{"line":122,"column":24}},"loc":{"start":{"line":122,"column":44},"end":{"line":137,"column":5}},"line":122},"24":{"name":"(anonymous_24)","decl":{"start":{"line":124,"column":18},"end":{"line":124,"column":19}},"loc":{"start":{"line":124,"column":29},"end":{"line":132,"column":13}},"line":124},"25":{"name":"(anonymous_25)","decl":{"start":{"line":126,"column":50},"end":{"line":126,"column":51}},"loc":{"start":{"line":126,"column":60},"end":{"line":126,"column":78}},"line":126},"26":{"name":"(anonymous_26)","decl":{"start":{"line":129,"column":48},"end":{"line":129,"column":49}},"loc":{"start":{"line":129,"column":65},"end":{"line":129,"column":83}},"line":129},"27":{"name":"(anonymous_27)","decl":{"start":{"line":133,"column":19},"end":{"line":133,"column":20}},"loc":{"start":{"line":133,"column":30},"end":{"line":136,"column":13}},"line":133},"28":{"name":"getParcialBalanceWithinPeriod","decl":{"start":{"line":140,"column":9},"end":{"line":140,"column":38}},"loc":{"start":{"line":140,"column":73},"end":{"line":157,"column":1}},"line":140},"29":{"name":"(anonymous_29)","decl":{"start":{"line":141,"column":23},"end":{"line":141,"column":24}},"loc":{"start":{"line":141,"column":44},"end":{"line":156,"column":5}},"line":141},"30":{"name":"(anonymous_30)","decl":{"start":{"line":143,"column":18},"end":{"line":143,"column":19}},"loc":{"start":{"line":143,"column":29},"end":{"line":151,"column":13}},"line":143},"31":{"name":"(anonymous_31)","decl":{"start":{"line":145,"column":50},"end":{"line":145,"column":51}},"loc":{"start":{"line":145,"column":60},"end":{"line":145,"column":78}},"line":145},"32":{"name":"(anonymous_32)","decl":{"start":{"line":148,"column":48},"end":{"line":148,"column":49}},"loc":{"start":{"line":148,"column":65},"end":{"line":148,"column":83}},"line":148},"33":{"name":"(anonymous_33)","decl":{"start":{"line":152,"column":19},"end":{"line":152,"column":20}},"loc":{"start":{"line":152,"column":30},"end":{"line":155,"column":13}},"line":152},"34":{"name":"getTotalBalanceAll","decl":{"start":{"line":159,"column":9},"end":{"line":159,"column":27}},"loc":{"start":{"line":159,"column":36},"end":{"line":176,"column":1}},"line":159},"35":{"name":"(anonymous_35)","decl":{"start":{"line":160,"column":23},"end":{"line":160,"column":24}},"loc":{"start":{"line":160,"column":44},"end":{"line":175,"column":5}},"line":160},"36":{"name":"(anonymous_36)","decl":{"start":{"line":162,"column":18},"end":{"line":162,"column":19}},"loc":{"start":{"line":162,"column":29},"end":{"line":170,"column":13}},"line":162},"37":{"name":"(anonymous_37)","decl":{"start":{"line":164,"column":50},"end":{"line":164,"column":51}},"loc":{"start":{"line":164,"column":60},"end":{"line":164,"column":98}},"line":164},"38":{"name":"(anonymous_38)","decl":{"start":{"line":167,"column":48},"end":{"line":167,"column":49}},"loc":{"start":{"line":167,"column":65},"end":{"line":167,"column":83}},"line":167},"39":{"name":"(anonymous_39)","decl":{"start":{"line":171,"column":19},"end":{"line":171,"column":20}},"loc":{"start":{"line":171,"column":30},"end":{"line":174,"column":13}},"line":171},"40":{"name":"getTotalBalanceWithinPeriod","decl":{"start":{"line":178,"column":9},"end":{"line":178,"column":36}},"loc":{"start":{"line":178,"column":65},"end":{"line":195,"column":1}},"line":178},"41":{"name":"(anonymous_41)","decl":{"start":{"line":179,"column":23},"end":{"line":179,"column":24}},"loc":{"start":{"line":179,"column":44},"end":{"line":194,"column":5}},"line":179},"42":{"name":"(anonymous_42)","decl":{"start":{"line":181,"column":18},"end":{"line":181,"column":19}},"loc":{"start":{"line":181,"column":29},"end":{"line":189,"column":13}},"line":181},"43":{"name":"(anonymous_43)","decl":{"start":{"line":183,"column":50},"end":{"line":183,"column":51}},"loc":{"start":{"line":183,"column":60},"end":{"line":183,"column":98}},"line":183},"44":{"name":"(anonymous_44)","decl":{"start":{"line":186,"column":48},"end":{"line":186,"column":49}},"loc":{"start":{"line":186,"column":65},"end":{"line":186,"column":83}},"line":186},"45":{"name":"(anonymous_45)","decl":{"start":{"line":190,"column":19},"end":{"line":190,"column":20}},"loc":{"start":{"line":190,"column":30},"end":{"line":193,"column":13}},"line":190}},"branchMap":{"0":{"loc":{"start":{"line":24,"column":4},"end":{"line":27,"column":5}},"type":"if","locations":[{"start":{"line":24,"column":4},"end":{"line":27,"column":5}},{"start":{},"end":{}}],"line":24},"1":{"loc":{"start":{"line":24,"column":8},"end":{"line":25,"column":44}},"type":"binary-expr","locations":[{"start":{"line":24,"column":9},"end":{"line":24,"column":25}},{"start":{"line":24,"column":29},"end":{"line":24,"column":43}},{"start":{"line":25,"column":9},"end":{"line":25,"column":25}},{"start":{"line":25,"column":29},"end":{"line":25,"column":43}}],"line":24},"2":{"loc":{"start":{"line":63,"column":8},"end":{"line":71,"column":9}},"type":"if","locations":[{"start":{"line":63,"column":8},"end":{"line":71,"column":9}},{"start":{"line":66,"column":15},"end":{"line":71,"column":9}}],"line":63},"3":{"loc":{"start":{"line":66,"column":15},"end":{"line":71,"column":9}},"type":"if","locations":[{"start":{"line":66,"column":15},"end":{"line":71,"column":9}},{"start":{"line":69,"column":15},"end":{"line":71,"column":9}}],"line":66},"4":{"loc":{"start":{"line":164,"column":60},"end":{"line":164,"column":98}},"type":"binary-expr","locations":[{"start":{"line":164,"column":60},"end":{"line":164,"column":77}},{"start":{"line":164,"column":81},"end":{"line":164,"column":98}}],"line":164},"5":{"loc":{"start":{"line":183,"column":60},"end":{"line":183,"column":98}},"type":"binary-expr","locations":[{"start":{"line":183,"column":60},"end":{"line":183,"column":77}},{"start":{"line":183,"column":81},"end":{"line":183,"column":98}}],"line":183}},"s":{"0":1,"1":1,"2":17,"3":5,"4":3,"5":3,"6":0,"7":1,"8":1,"9":1,"10":3,"11":3,"12":3,"13":3,"14":1,"15":1,"16":1,"17":1,"18":2,"19":2,"20":2,"21":1,"22":3,"23":3,"24":3,"25":3,"26":1,"27":2,"28":1,"29":1,"30":3,"31":3,"32":3,"33":0,"34":0,"35":0,"36":0,"37":2,"38":2,"39":1,"40":1,"41":1,"42":6,"43":6,"44":3,"45":3,"46":3,"47":6,"48":6,"49":3,"50":3,"51":3,"52":2,"53":2,"54":1,"55":3,"56":1,"57":2,"58":1,"59":1,"60":1,"61":2,"62":2,"63":1,"64":2,"65":1,"66":1,"67":1,"68":1,"69":1,"70":2,"71":2,"72":1,"73":3,"74":1,"75":2,"76":1,"77":1,"78":1,"79":2,"80":2,"81":1,"82":3,"83":1,"84":2,"85":1,"86":1,"87":1,"88":1,"89":1,"90":1,"91":1,"92":1,"93":1,"94":1,"95":1,"96":1},"f":{"0":17,"1":5,"2":3,"3":3,"4":1,"5":1,"6":3,"7":3,"8":0,"9":0,"10":2,"11":2,"12":1,"13":1,"14":6,"15":6,"16":3,"17":3,"18":6,"19":6,"20":3,"21":3,"22":2,"23":2,"24":1,"25":3,"26":2,"27":1,"28":2,"29":2,"30":1,"31":2,"32":1,"33":1,"34":2,"35":2,"36":1,"37":3,"38":2,"39":1,"40":2,"41":2,"42":1,"43":3,"44":2,"45":1},"b":{"0":[0,3],"1":[3,0,3,0],"2":[1,2],"3":[1,1],"4":[3,2],"5":[3,2]},"_coverageSchema":"1a1c01bbd47fc00a2c39e90264f33305004495a9","hash":"b3c848399c059ec7c9aa9e80d080df219942a161"}
,"/home/pedro/Documents/TP-Testes/backend/domain/Notification/Notification.js": {"path":"/home/pedro/Documents/TP-Testes/backend/domain/Notification/Notification.js","statementMap":{"0":{"start":{"line":4,"column":8},"end":{"line":4,"column":45}},"1":{"start":{"line":5,"column":8},"end":{"line":5,"column":29}},"2":{"start":{"line":6,"column":8},"end":{"line":6,"column":29}},"3":{"start":{"line":7,"column":8},"end":{"line":7,"column":39}},"4":{"start":{"line":8,"column":8},"end":{"line":8,"column":35}},"5":{"start":{"line":12,"column":0},"end":{"line":12,"column":43}}},"fnMap":{"0":{"name":"(anonymous_0)","decl":{"start":{"line":3,"column":4},"end":{"line":3,"column":5}},"loc":{"start":{"line":3,"column":72},"end":{"line":9,"column":5}},"line":3}},"branchMap":{},"s":{"0":2,"1":2,"2":2,"3":2,"4":2,"5":2},"f":{"0":2},"b":{},"_coverageSchema":"1a1c01bbd47fc00a2c39e90264f33305004495a9","hash":"f1e86a22f2abf54ad340bc859a9fcbe9d5779a1f"}
,"/home/pedro/Documents/TP-Testes/backend/domain/Notification/notificationDomain.js": {"path":"/home/pedro/Documents/TP-Testes/backend/domain/Notification/notificationDomain.js","statementMap":{"0":{"start":{"line":3,"column":19},"end":{"line":3,"column":60}},"1":{"start":{"line":4,"column":15},"end":{"line":4,"column":16}},"2":{"start":{"line":7,"column":4},"end":{"line":7,"column":22}},"3":{"start":{"line":11,"column":15},"end":{"line":11,"column":71}},"4":{"start":{"line":12,"column":4},"end":{"line":12,"column":16}},"5":{"start":{"line":17,"column":4},"end":{"line":17,"column":59}},"6":{"start":{"line":19,"column":4},"end":{"line":24,"column":5}},"7":{"start":{"line":20,"column":8},"end":{"line":20,"column":57}},"8":{"start":{"line":23,"column":8},"end":{"line":23,"column":73}},"9":{"start":{"line":25,"column":4},"end":{"line":25,"column":19}},"10":{"start":{"line":29,"column":28},"end":{"line":29,"column":30}},"11":{"start":{"line":31,"column":4},"end":{"line":35,"column":5}},"12":{"start":{"line":31,"column":17},"end":{"line":31,"column":18}},"13":{"start":{"line":32,"column":22},"end":{"line":32,"column":57}},"14":{"start":{"line":33,"column":30},"end":{"line":33,"column":110}},"15":{"start":{"line":34,"column":8},"end":{"line":34,"column":48}},"16":{"start":{"line":37,"column":4},"end":{"line":37,"column":29}},"17":{"start":{"line":42,"column":20},"end":{"line":42,"column":30}},"18":{"start":{"line":43,"column":18},"end":{"line":43,"column":28}},"19":{"start":{"line":44,"column":4},"end":{"line":44,"column":48}},"20":{"start":{"line":46,"column":4},"end":{"line":54,"column":7}},"21":{"start":{"line":47,"column":8},"end":{"line":53,"column":11}},"22":{"start":{"line":48,"column":36},"end":{"line":48,"column":74}},"23":{"start":{"line":49,"column":12},"end":{"line":49,"column":39}},"24":{"start":{"line":51,"column":12},"end":{"line":51,"column":57}},"25":{"start":{"line":52,"column":12},"end":{"line":52,"column":95}},"26":{"start":{"line":58,"column":0},"end":{"line":58,"column":39}},"27":{"start":{"line":59,"column":0},"end":{"line":59,"column":59}}},"fnMap":{"0":{"name":"configRepo","decl":{"start":{"line":6,"column":9},"end":{"line":6,"column":19}},"loc":{"start":{"line":6,"column":26},"end":{"line":8,"column":1}},"line":6},"1":{"name":"calculateDaysUntilDueDate","decl":{"start":{"line":10,"column":9},"end":{"line":10,"column":34}},"loc":{"start":{"line":10,"column":54},"end":{"line":13,"column":1}},"line":10},"2":{"name":"createMessage","decl":{"start":{"line":15,"column":9},"end":{"line":15,"column":22}},"loc":{"start":{"line":15,"column":38},"end":{"line":26,"column":1}},"line":15},"3":{"name":"createNotifications","decl":{"start":{"line":28,"column":9},"end":{"line":28,"column":28}},"loc":{"start":{"line":28,"column":48},"end":{"line":38,"column":1}},"line":28},"4":{"name":"getUserNotifications","decl":{"start":{"line":40,"column":9},"end":{"line":40,"column":29}},"loc":{"start":{"line":40,"column":38},"end":{"line":56,"column":1}},"line":40},"5":{"name":"(anonymous_5)","decl":{"start":{"line":46,"column":23},"end":{"line":46,"column":24}},"loc":{"start":{"line":46,"column":44},"end":{"line":54,"column":5}},"line":46},"6":{"name":"(anonymous_6)","decl":{"start":{"line":47,"column":73},"end":{"line":47,"column":74}},"loc":{"start":{"line":47,"column":87},"end":{"line":50,"column":9}},"line":47},"7":{"name":"(anonymous_7)","decl":{"start":{"line":50,"column":17},"end":{"line":50,"column":18}},"loc":{"start":{"line":50,"column":26},"end":{"line":53,"column":9}},"line":50}},"branchMap":{"0":{"loc":{"start":{"line":19,"column":4},"end":{"line":24,"column":5}},"type":"if","locations":[{"start":{"line":19,"column":4},"end":{"line":24,"column":5}},{"start":{"line":22,"column":11},"end":{"line":24,"column":5}}],"line":19}},"s":{"0":1,"1":1,"2":2,"3":1,"4":1,"5":1,"6":1,"7":0,"8":1,"9":1,"10":1,"11":1,"12":1,"13":1,"14":1,"15":1,"16":1,"17":2,"18":2,"19":2,"20":2,"21":2,"22":1,"23":1,"24":1,"25":1,"26":1,"27":1},"f":{"0":2,"1":1,"2":1,"3":1,"4":2,"5":2,"6":1,"7":1},"b":{"0":[0,1]},"_coverageSchema":"1a1c01bbd47fc00a2c39e90264f33305004495a9","hash":"9d80d170dbe09996e85d97427da5a09897f310f3"}
,"/home/pedro/Documents/TP-Testes/backend/domain/User/User.js": {"path":"/home/pedro/Documents/TP-Testes/backend/domain/User/User.js","statementMap":{"0":{"start":{"line":5,"column":8},"end":{"line":5,"column":21}},"1":{"start":{"line":6,"column":8},"end":{"line":6,"column":27}},"2":{"start":{"line":7,"column":8},"end":{"line":7,"column":33}},"3":{"start":{"line":12,"column":0},"end":{"line":12,"column":27}}},"fnMap":{"0":{"name":"(anonymous_0)","decl":{"start":{"line":4,"column":4},"end":{"line":4,"column":5}},"loc":{"start":{"line":4,"column":37},"end":{"line":8,"column":5}},"line":4}},"branchMap":{},"s":{"0":4,"1":4,"2":4,"3":2},"f":{"0":4},"b":{},"_coverageSchema":"1a1c01bbd47fc00a2c39e90264f33305004495a9","hash":"ef31cc2f8346dcb71b24d785020ad0fc83b96b53"}
,"/home/pedro/Documents/TP-Testes/backend/domain/User/userDomain.js": {"path":"/home/pedro/Documents/TP-Testes/backend/domain/User/userDomain.js","statementMap":{"0":{"start":{"line":3,"column":11},"end":{"line":3,"column":36}},"1":{"start":{"line":5,"column":17},"end":{"line":5,"column":21}},"2":{"start":{"line":8,"column":4},"end":{"line":8,"column":22}},"3":{"start":{"line":12,"column":4},"end":{"line":34,"column":7}},"4":{"start":{"line":13,"column":8},"end":{"line":33,"column":15}},"5":{"start":{"line":15,"column":16},"end":{"line":28,"column":17}},"6":{"start":{"line":16,"column":34},"end":{"line":16,"column":62}},"7":{"start":{"line":17,"column":20},"end":{"line":25,"column":27}},"8":{"start":{"line":19,"column":28},"end":{"line":19,"column":48}},"9":{"start":{"line":20,"column":28},"end":{"line":20,"column":84}},"10":{"start":{"line":23,"column":28},"end":{"line":23,"column":75}},"11":{"start":{"line":24,"column":28},"end":{"line":24,"column":115}},"12":{"start":{"line":27,"column":20},"end":{"line":27,"column":64}},"13":{"start":{"line":31,"column":16},"end":{"line":31,"column":73}},"14":{"start":{"line":32,"column":16},"end":{"line":32,"column":113}},"15":{"start":{"line":38,"column":4},"end":{"line":56,"column":7}},"16":{"start":{"line":39,"column":8},"end":{"line":55,"column":15}},"17":{"start":{"line":41,"column":16},"end":{"line":50,"column":17}},"18":{"start":{"line":42,"column":33},"end":{"line":42,"column":41}},"19":{"start":{"line":43,"column":20},"end":{"line":47,"column":21}},"20":{"start":{"line":44,"column":24},"end":{"line":44,"column":78}},"21":{"start":{"line":46,"column":24},"end":{"line":46,"column":38}},"22":{"start":{"line":49,"column":20},"end":{"line":49,"column":34}},"23":{"start":{"line":53,"column":16},"end":{"line":53,"column":82}},"24":{"start":{"line":54,"column":16},"end":{"line":54,"column":30}},"25":{"start":{"line":59,"column":0},"end":{"line":59,"column":51}},"26":{"start":{"line":60,"column":0},"end":{"line":60,"column":43}},"27":{"start":{"line":61,"column":0},"end":{"line":61,"column":39}}},"fnMap":{"0":{"name":"configRepo","decl":{"start":{"line":7,"column":9},"end":{"line":7,"column":19}},"loc":{"start":{"line":7,"column":26},"end":{"line":9,"column":1}},"line":7},"1":{"name":"registerUser","decl":{"start":{"line":11,"column":9},"end":{"line":11,"column":21}},"loc":{"start":{"line":11,"column":39},"end":{"line":35,"column":1}},"line":11},"2":{"name":"(anonymous_2)","decl":{"start":{"line":12,"column":23},"end":{"line":12,"column":24}},"loc":{"start":{"line":12,"column":44},"end":{"line":34,"column":5}},"line":12},"3":{"name":"(anonymous_3)","decl":{"start":{"line":14,"column":18},"end":{"line":14,"column":19}},"loc":{"start":{"line":14,"column":30},"end":{"line":29,"column":13}},"line":14},"4":{"name":"(anonymous_4)","decl":{"start":{"line":18,"column":30},"end":{"line":18,"column":31}},"loc":{"start":{"line":18,"column":42},"end":{"line":21,"column":25}},"line":18},"5":{"name":"(anonymous_5)","decl":{"start":{"line":22,"column":31},"end":{"line":22,"column":32}},"loc":{"start":{"line":22,"column":40},"end":{"line":25,"column":25}},"line":22},"6":{"name":"(anonymous_6)","decl":{"start":{"line":30,"column":19},"end":{"line":30,"column":20}},"loc":{"start":{"line":30,"column":28},"end":{"line":33,"column":13}},"line":30},"7":{"name":"authenticateUser","decl":{"start":{"line":37,"column":9},"end":{"line":37,"column":25}},"loc":{"start":{"line":37,"column":43},"end":{"line":57,"column":1}},"line":37},"8":{"name":"(anonymous_8)","decl":{"start":{"line":38,"column":23},"end":{"line":38,"column":24}},"loc":{"start":{"line":38,"column":44},"end":{"line":56,"column":5}},"line":38},"9":{"name":"(anonymous_9)","decl":{"start":{"line":40,"column":18},"end":{"line":40,"column":19}},"loc":{"start":{"line":40,"column":27},"end":{"line":51,"column":13}},"line":40},"10":{"name":"(anonymous_10)","decl":{"start":{"line":52,"column":19},"end":{"line":52,"column":20}},"loc":{"start":{"line":52,"column":28},"end":{"line":55,"column":13}},"line":52}},"branchMap":{"0":{"loc":{"start":{"line":15,"column":16},"end":{"line":28,"column":17}},"type":"if","locations":[{"start":{"line":15,"column":16},"end":{"line":28,"column":17}},{"start":{"line":26,"column":23},"end":{"line":28,"column":17}}],"line":15},"1":{"loc":{"start":{"line":41,"column":16},"end":{"line":50,"column":17}},"type":"if","locations":[{"start":{"line":41,"column":16},"end":{"line":50,"column":17}},{"start":{"line":48,"column":23},"end":{"line":50,"column":17}}],"line":41},"2":{"loc":{"start":{"line":43,"column":20},"end":{"line":47,"column":21}},"type":"if","locations":[{"start":{"line":43,"column":20},"end":{"line":47,"column":21}},{"start":{"line":45,"column":27},"end":{"line":47,"column":21}}],"line":43}},"s":{"0":1,"1":1,"2":10,"3":3,"4":3,"5":2,"6":1,"7":1,"8":1,"9":1,"10":0,"11":0,"12":1,"13":1,"14":1,"15":4,"16":4,"17":3,"18":2,"19":2,"20":1,"21":1,"22":1,"23":1,"24":1,"25":1,"26":1,"27":1},"f":{"0":10,"1":3,"2":3,"3":2,"4":1,"5":0,"6":1,"7":4,"8":4,"9":3,"10":1},"b":{"0":[1,1],"1":[2,1],"2":[1,1]},"_coverageSchema":"1a1c01bbd47fc00a2c39e90264f33305004495a9","hash":"6c4c146ac2314e865cca3d7cf6f6e77ef4b1b152"}
}
