TN:
SF:adapters/billRepository.js
FN:4,createBillList
FN:23,(anonymous_1)
FN:42,(anonymous_2)
FN:53,(anonymous_3)
FN:65,(anonymous_4)
FNF:5
FNH:5
FNDA:2,createBillList
FNDA:2,(anonymous_1)
FNDA:2,(anonymous_2)
FNDA:2,(anonymous_3)
FNDA:2,(anonymous_4)
DA:1,2
DA:2,2
DA:5,2
DA:7,2
DA:8,0
DA:20,2
DA:23,2
DA:25,2
DA:26,2
DA:28,2
DA:29,2
DA:34,1
DA:37,1
DA:38,1
DA:42,2
DA:43,2
DA:44,2
DA:45,1
DA:48,1
DA:49,1
DA:53,2
DA:54,2
DA:55,2
DA:56,1
DA:57,1
DA:60,1
DA:61,1
DA:65,2
DA:67,2
DA:68,2
DA:69,2
DA:70,2
DA:74,1
DA:75,1
DA:78,1
DA:79,1
DA:83,2
DA:84,2
DA:85,2
DA:86,2
LF:40
LH:39
BRF:0
BRH:0
end_of_record
TN:
SF:adapters/config-connection.js
FNF:0
FNH:0
DA:1,1
DA:3,1
DA:8,1
DA:9,1
DA:11,1
DA:18,1
LF:6
LH:6
BRF:0
BRH:0
end_of_record
TN:
SF:adapters/notificationRepository.js
FN:4,(anonymous_0)
FNF:1
FNH:1
FNDA:1,(anonymous_0)
DA:1,1
DA:2,1
DA:4,1
DA:5,1
DA:6,1
DA:10,0
DA:13,1
DA:14,1
DA:18,1
DA:19,1
LF:10
LH:9
BRF:0
BRH:0
end_of_record
TN:
SF:adapters/userRepository.js
FN:4,createUserList
FN:17,(anonymous_1)
FN:29,(anonymous_2)
FNF:3
FNH:3
FNDA:1,createUserList
FNDA:2,(anonymous_1)
FNDA:1,(anonymous_2)
DA:1,2
DA:2,2
DA:5,1
DA:7,1
DA:8,0
DA:14,1
DA:17,2
DA:18,2
DA:19,2
DA:20,1
DA:21,1
DA:24,1
DA:25,1
DA:29,2
DA:30,1
DA:31,1
DA:33,0
DA:36,1
DA:37,1
DA:41,2
DA:42,2
LF:21
LH:19
BRF:0
BRH:0
end_of_record
TN:
SF:domain/Bill/Bill.js
FN:3,(anonymous_0)
FN:16,(anonymous_1)
FN:20,(anonymous_2)
FNF:3
FNH:2
FNDA:28,(anonymous_0)
FNDA:0,(anonymous_1)
FNDA:5,(anonymous_2)
DA:4,28
DA:5,28
DA:6,28
DA:7,28
DA:8,28
DA:9,28
DA:10,28
DA:11,28
DA:12,28
DA:13,28
DA:17,0
DA:21,5
DA:35,3
LF:13
LH:12
BRF:0
BRH:0
end_of_record
TN:
SF:domain/Bill/billDomain.js
FN:7,configRepo
FN:10,getNewDate
FN:14,getNewValue
FN:23,verifyValue
FN:29,splitBill
FN:43,repeatBill
FN:55,registerBill
FN:62,(anonymous_7)
FN:75,(anonymous_8)
FN:78,(anonymous_9)
FN:88,payBill
FN:89,(anonymous_11)
FN:90,(anonymous_12)
FN:92,(anonymous_13)
FN:99,getAllBills
FN:100,(anonymous_15)
FN:101,(anonymous_16)
FN:103,(anonymous_17)
FN:110,getBillsWithinPeriod
FN:111,(anonymous_19)
FN:112,(anonymous_20)
FN:114,(anonymous_21)
FN:121,getParcialBalanceAll
FN:122,(anonymous_23)
FN:124,(anonymous_24)
FN:126,(anonymous_25)
FN:129,(anonymous_26)
FN:133,(anonymous_27)
FN:140,getParcialBalanceWithinPeriod
FN:141,(anonymous_29)
FN:143,(anonymous_30)
FN:145,(anonymous_31)
FN:148,(anonymous_32)
FN:152,(anonymous_33)
FN:159,getTotalBalanceAll
FN:160,(anonymous_35)
FN:162,(anonymous_36)
FN:164,(anonymous_37)
FN:167,(anonymous_38)
FN:171,(anonymous_39)
FN:178,getTotalBalanceWithinPeriod
FN:179,(anonymous_41)
FN:181,(anonymous_42)
FN:183,(anonymous_43)
FN:186,(anonymous_44)
FN:190,(anonymous_45)
FNF:46
FNH:44
FNDA:17,configRepo
FNDA:5,getNewDate
FNDA:3,getNewValue
FNDA:3,verifyValue
FNDA:1,splitBill
FNDA:1,repeatBill
FNDA:3,registerBill
FNDA:3,(anonymous_7)
FNDA:0,(anonymous_8)
FNDA:0,(anonymous_9)
FNDA:2,payBill
FNDA:2,(anonymous_11)
FNDA:1,(anonymous_12)
FNDA:1,(anonymous_13)
FNDA:6,getAllBills
FNDA:6,(anonymous_15)
FNDA:3,(anonymous_16)
FNDA:3,(anonymous_17)
FNDA:6,getBillsWithinPeriod
FNDA:6,(anonymous_19)
FNDA:3,(anonymous_20)
FNDA:3,(anonymous_21)
FNDA:2,getParcialBalanceAll
FNDA:2,(anonymous_23)
FNDA:1,(anonymous_24)
FNDA:3,(anonymous_25)
FNDA:2,(anonymous_26)
FNDA:1,(anonymous_27)
FNDA:2,getParcialBalanceWithinPeriod
FNDA:2,(anonymous_29)
FNDA:1,(anonymous_30)
FNDA:2,(anonymous_31)
FNDA:1,(anonymous_32)
FNDA:1,(anonymous_33)
FNDA:2,getTotalBalanceAll
FNDA:2,(anonymous_35)
FNDA:1,(anonymous_36)
FNDA:3,(anonymous_37)
FNDA:2,(anonymous_38)
FNDA:1,(anonymous_39)
FNDA:2,getTotalBalanceWithinPeriod
FNDA:2,(anonymous_41)
FNDA:1,(anonymous_42)
FNDA:3,(anonymous_43)
FNDA:2,(anonymous_44)
FNDA:1,(anonymous_45)
DA:3,1
DA:5,1
DA:8,17
DA:11,5
DA:15,3
DA:24,3
DA:26,0
DA:30,1
DA:32,1
DA:33,3
DA:35,3
DA:36,3
DA:38,3
DA:40,1
DA:44,1
DA:46,1
DA:47,2
DA:48,2
DA:49,2
DA:52,1
DA:57,3
DA:58,3
DA:62,3
DA:63,3
DA:64,1
DA:66,2
DA:67,1
DA:70,1
DA:73,3
DA:75,3
DA:76,0
DA:77,0
DA:79,0
DA:80,0
DA:89,2
DA:90,2
DA:91,1
DA:93,1
DA:94,1
DA:100,6
DA:101,6
DA:102,3
DA:104,3
DA:105,3
DA:111,6
DA:112,6
DA:113,3
DA:115,3
DA:116,3
DA:122,2
DA:123,2
DA:126,3
DA:129,2
DA:131,1
DA:134,1
DA:135,1
DA:141,2
DA:142,2
DA:145,2
DA:148,1
DA:150,1
DA:153,1
DA:154,1
DA:160,2
DA:161,2
DA:164,3
DA:167,2
DA:169,1
DA:172,1
DA:173,1
DA:179,2
DA:180,2
DA:183,3
DA:186,2
DA:188,1
DA:191,1
DA:192,1
DA:197,1
DA:198,1
DA:199,1
DA:200,1
DA:201,1
DA:202,1
DA:203,1
DA:204,1
DA:205,1
LF:86
LH:81
BRDA:24,0,0,0
BRDA:24,0,1,3
BRDA:24,1,0,3
BRDA:24,1,1,0
BRDA:24,1,2,3
BRDA:24,1,3,0
BRDA:63,2,0,1
BRDA:63,2,1,2
BRDA:66,3,0,1
BRDA:66,3,1,1
BRDA:164,4,0,3
BRDA:164,4,1,2
BRDA:183,5,0,3
BRDA:183,5,1,2
BRF:14
BRH:11
end_of_record
TN:
SF:domain/Notification/Notification.js
FN:3,(anonymous_0)
FNF:1
FNH:1
FNDA:2,(anonymous_0)
DA:4,2
DA:5,2
DA:6,2
DA:7,2
DA:8,2
DA:12,2
LF:6
LH:6
BRF:0
BRH:0
end_of_record
TN:
SF:domain/Notification/notificationDomain.js
FN:6,configRepo
FN:10,calculateDaysUntilDueDate
FN:15,createMessage
FN:28,createNotifications
FN:40,getUserNotifications
FN:46,(anonymous_5)
FN:47,(anonymous_6)
FN:50,(anonymous_7)
FNF:8
FNH:8
FNDA:2,configRepo
FNDA:1,calculateDaysUntilDueDate
FNDA:1,createMessage
FNDA:1,createNotifications
FNDA:2,getUserNotifications
FNDA:2,(anonymous_5)
FNDA:1,(anonymous_6)
FNDA:1,(anonymous_7)
DA:3,1
DA:4,1
DA:7,2
DA:11,1
DA:12,1
DA:17,1
DA:19,1
DA:20,0
DA:23,1
DA:25,1
DA:29,1
DA:31,1
DA:32,1
DA:33,1
DA:34,1
DA:37,1
DA:42,2
DA:43,2
DA:44,2
DA:46,2
DA:47,2
DA:48,1
DA:49,1
DA:51,1
DA:52,1
DA:58,1
DA:59,1
LF:27
LH:26
BRDA:19,0,0,0
BRDA:19,0,1,1
BRF:2
BRH:1
end_of_record
TN:
SF:domain/User/User.js
FN:4,(anonymous_0)
FNF:1
FNH:1
FNDA:4,(anonymous_0)
DA:5,4
DA:6,4
DA:7,4
DA:12,2
LF:4
LH:4
BRF:0
BRH:0
end_of_record
TN:
SF:domain/User/userDomain.js
FN:7,configRepo
FN:11,registerUser
FN:12,(anonymous_2)
FN:14,(anonymous_3)
FN:18,(anonymous_4)
FN:22,(anonymous_5)
FN:30,(anonymous_6)
FN:37,authenticateUser
FN:38,(anonymous_8)
FN:40,(anonymous_9)
FN:52,(anonymous_10)
FNF:11
FNH:10
FNDA:10,configRepo
FNDA:3,registerUser
FNDA:3,(anonymous_2)
FNDA:2,(anonymous_3)
FNDA:1,(anonymous_4)
FNDA:0,(anonymous_5)
FNDA:1,(anonymous_6)
FNDA:4,authenticateUser
FNDA:4,(anonymous_8)
FNDA:3,(anonymous_9)
FNDA:1,(anonymous_10)
DA:3,1
DA:5,1
DA:8,10
DA:12,3
DA:13,3
DA:15,2
DA:16,1
DA:17,1
DA:19,1
DA:20,1
DA:23,0
DA:24,0
DA:27,1
DA:31,1
DA:32,1
DA:38,4
DA:39,4
DA:41,3
DA:42,2
DA:43,2
DA:44,1
DA:46,1
DA:49,1
DA:53,1
DA:54,1
DA:59,1
DA:60,1
DA:61,1
LF:28
LH:26
BRDA:15,0,0,1
BRDA:15,0,1,1
BRDA:41,1,0,2
BRDA:41,1,1,1
BRDA:43,2,0,1
BRDA:43,2,1,1
BRF:6
BRH:6
end_of_record
